#
# There is insufficient memory for the Java Runtime Environment to continue.
# Native memory allocation (mmap) failed to map 179306496 bytes for Failed to commit area from 0x00000000cb900000 to 0x00000000d6400000 of length 179306496.
# Possible reasons:
#   The system is out of physical RAM or swap space
#   The process is running with CompressedOops enabled, and the Java Heap may be blocking the growth of the native heap
# Possible solutions:
#   Reduce memory load on the system
#   Increase physical memory or swap space
#   Check if swap backing store is full
#   Decrease Java heap size (-Xmx/-Xms)
#   Decrease number of Java threads
#   Decrease Java thread stack sizes (-Xss)
#   Set larger code cache with -XX:ReservedCodeCacheSize=
#   JVM is running with Unscaled Compressed Oops mode in which the Java heap is
#     placed in the first 4GB address space. The Java Heap base address is the
#     maximum limit for the native heap growth. Please use -XX:HeapBaseMinAddress
#     to set the Java Heap base and to place the Java Heap above 4GB virtual address.
# This output file may be truncated or incomplete.
#
#  Out of Memory Error (t:/workspace/hotspot/src/os/windows/vm/os_windows.cpp:3357), pid=22952, tid=3880
#
# JRE version: Java(TM) SE Runtime Environment (9.0+11) (build 9.0.4+11)
# Java VM: Java HotSpot(TM) 64-Bit Server VM (9.0.4+11, mixed mode, tiered, compressed oops, g1 gc, windows-amd64)
# No core dump will be written. Minidumps are not enabled by default on client versions of Windows
#

---------------  S U M M A R Y ------------

Command Line: -Dfile.encoding=MS949 practice.Practice

Host: Intel(R) Core(TM) i7-7500U CPU @ 2.70GHz, 4 cores, 3G,  Windows 10 , 64 bit Build 17134 (10.0.17134.753)
Time: Thu Jul 25 16:44:33 2019 AA¨¡o¨úc AI¡¾¢´ Ay¨úa ¨öA¡Æ¡Ì elapsed time: 186 seconds (0d 0h 3m 6s)

---------------  T H R E A D  ---------------

Current thread (0x00000266ed15a800):  VMThread "VM Thread" [stack: 0x00000081e0b00000,0x00000081e0c00000] [id=3880]

Stack: [0x00000081e0b00000,0x00000081e0c00000]
[error occurred during error reporting (printing stack bounds), id 0xe0000002]

Native frames: (J=compiled Java code, j=interpreted, Vv=VM code, C=native code)
V  [jvm.dll+0x587068]
V  [jvm.dll+0x69c25e]
V  [jvm.dll+0x69d17a]
V  [jvm.dll+0x69cd05]
V  [jvm.dll+0x69d71b]
V  [jvm.dll+0x5868c6]
V  [jvm.dll+0x586c98]
C  [ntdll.dll+0x9f7dd]
C  [ntdll.dll+0xd856]
C  [ntdll.dll+0x9e70e]
C  0x00000266d86c0e2a

VM_Operation (0x00000081dffff310): G1IncCollectionPause, mode: safepoint, requested by thread 0x00000266cff70000


---------------  P R O C E S S  ---------------

Java Threads: ( => current thread )
  0x00000266ed45a800 JavaThread "Service Thread" daemon [_thread_blocked, id=2980, stack(0x00000081e1500000,0x00000081e1600000)]
  0x00000266ed2ac000 JavaThread "Common-Cleaner" daemon [_thread_blocked, id=5476, stack(0x00000081e1400000,0x00000081e1500000)]
  0x00000266ed258800 JavaThread "Sweeper thread" daemon [_thread_blocked, id=11472, stack(0x00000081e1300000,0x00000081e1400000)]
  0x00000266ed255800 JavaThread "C1 CompilerThread2" daemon [_thread_blocked, id=14328, stack(0x00000081e1200000,0x00000081e1300000)]
  0x00000266ed24d000 JavaThread "C2 CompilerThread1" daemon [_thread_blocked, id=19516, stack(0x00000081e1100000,0x00000081e1200000)]
  0x00000266ed1f0000 JavaThread "C2 CompilerThread0" daemon [_thread_blocked, id=21920, stack(0x00000081e1000000,0x00000081e1100000)]
  0x00000266ed1ea000 JavaThread "Attach Listener" daemon [_thread_blocked, id=12300, stack(0x00000081e0f00000,0x00000081e1000000)]
  0x00000266ed1e8000 JavaThread "Signal Dispatcher" daemon [_thread_blocked, id=23360, stack(0x00000081e0e00000,0x00000081e0f00000)]
  0x00000266ed190000 JavaThread "Finalizer" daemon [_thread_blocked, id=20416, stack(0x00000081e0d00000,0x00000081e0e00000)]
  0x00000266ed160000 JavaThread "Reference Handler" daemon [_thread_blocked, id=11372, stack(0x00000081e0c00000,0x00000081e0d00000)]
  0x00000266cff70000 JavaThread "main" [_thread_blocked, id=25072, stack(0x00000081dff00000,0x00000081e0000000)]

Other Threads:
=>0x00000266ed15a800 VMThread "VM Thread" [stack: 0x00000081e0b00000,0x00000081e0c00000] [id=3880]
  0x00000266ed45c000 WatcherThread [stack: 0x00000081e1600000,0x00000081e1700000] [id=16068]
  0x00000266cff86000 GCTaskThread "GC Thread#0" [stack: 0x00000081e0000000,0x00000081e0100000] [id=11976]
  0x00000266cff87800 GCTaskThread "GC Thread#1" [stack: 0x00000081e0100000,0x00000081e0200000] [id=10644]
  0x00000266cff8a000 GCTaskThread "GC Thread#2" [stack: 0x00000081e0200000,0x00000081e0300000] [id=18688]
  0x00000266cff8b000 GCTaskThread "GC Thread#3" [stack: 0x00000081e0300000,0x00000081e0400000] [id=13712]
  0x00000266cffce000 ConcurrentGCThread "G1 Main Marker" [stack: 0x00000081e0900000,0x00000081e0a00000] [id=25572]
  0x00000266cffd2000 ConcurrentGCThread "G1 Marker#0" [stack: 0x00000081e0a00000,0x00000081e0b00000] [id=10436]
  0x00000266cff96000 ConcurrentGCThread "G1 Refine#0" [stack: 0x00000081e0700000,0x00000081e0800000] [id=18896]
  0x00000266cff94000 ConcurrentGCThread "G1 Refine#1" [stack: 0x00000081e0600000,0x00000081e0700000] [id=23816]
  0x00000266cff91000 ConcurrentGCThread "G1 Refine#2" [stack: 0x00000081e0500000,0x00000081e0600000] [id=14332]
  0x00000266cff8c800 ConcurrentGCThread "G1 Refine#3" [stack: 0x00000081e0400000,0x00000081e0500000] [id=24380]
  0x00000266cff98800 ConcurrentGCThread "G1 Young RemSet Sampling" [stack: 0x00000081e0800000,0x00000081e0900000] [id=1600]

Threads with active compile tasks:

VM state:at safepoint (normal execution)

VM Mutex/Monitor currently owned by a thread:  ([mutex/lock_event])
[0x00000266cff6f160] Threads_lock - owner thread: 0x00000266ed15a800
[0x00000266cff6ee00] Heap_lock - owner thread: 0x00000266cff70000

Heap address: 0x00000000c2600000, size: 986 MB, Compressed Oops mode: 32-bit
Narrow klass base: 0x0000000000000000, Narrow klass shift: 3
Compressed class space size: 1073741824 Address: 0x0000000100000000

Heap:
 garbage-first heap   total 325632K, used 893K [0x00000000c2600000, 0x00000000c27009f0, 0x0000000100000000)
  region size 1024K, 1 young (1024K), 1 survivors (1024K)
 Metaspace       used 3701K, capacity 4486K, committed 4864K, reserved 1056768K
  class space    used 375K, capacity 386K, committed 512K, reserved 1048576K
Heap Regions: E=young(eden), S=young(survivor), O=old, HS=humongous(starts), HC=humongous(continues), CS=collection set, F=free, A=archive, TS=gc time stamp, AC=allocation context, TAMS=top-at-mark-start (previous, next)
|   0|0x00000000c2600000, 0x00000000c26df400, 0x00000000c2700000| 87%| O|  |TS761|AC  0|TAMS 0x00000000c2600000, 0x00000000c2600000|
|   1|0x00000000c2700000, 0x00000000c2700000, 0x00000000c2800000|  0%| F|  |TS  0|AC  0|TAMS 0x00000000c2700000, 0x00000000c2700000|
|   2|0x00000000c2800000, 0x00000000c2800000, 0x00000000c2900000|  0%| F|  |TS  0|AC  0|TAMS 0x00000000c2800000, 0x00000000c2800000|
|   3|0x00000000c2900000, 0x00000000c2900000, 0x00000000c2a00000|  0%| F|  |TS  0|AC  0|TAMS 0x00000000c2900000, 0x00000000c2900000|
|   4|0x00000000c2a00000, 0x00000000c2a00000, 0x00000000c2b00000|  0%| F|  |TS  0|AC  0|TAMS 0x00000000c2a00000, 0x00000000c2a00000|
|   5|0x00000000c2b00000, 0x00000000c2b00000, 0x00000000c2c00000|  0%| F|  |TS  0|AC  0|TAMS 0x00000000c2b00000, 0x00000000c2b00000|
|   6|0x00000000c2c00000, 0x00000000c2c00000, 0x00000000c2d00000|  0%| F|  |TS  0|AC  0|TAMS 0x00000000c2c00000, 0x00000000c2c00000|
|   7|0x00000000c2d00000, 0x00000000c2d00000, 0x00000000c2e00000|  0%| F|  |TS  0|AC  0|TAMS 0x00000000c2d00000, 0x00000000c2d00000|
|   8|0x00000000c2e00000, 0x00000000c2e00000, 0x00000000c2f00000|  0%| F|  |TS  0|AC  0|TAMS 0x00000000c2e00000, 0x00000000c2e00000|
|   9|0x00000000c2f00000, 0x00000000c2f00000, 0x00000000c3000000|  0%| F|  |TS  0|AC  0|TAMS 0x00000000c2f00000, 0x00000000c2f00000|
|  10|0x00000000c3000000, 0x00000000c3000000, 0x00000000c3100000|  0%| F|  |TS  0|AC  0|TAMS 0x00000000c3000000, 0x00000000c3000000|
|  11|0x00000000c3100000, 0x00000000c3100000, 0x00000000c3200000|  0%| F|  |TS  0|AC  0|TAMS 0x00000000c3100000, 0x00000000c3100000|
|  12|0x00000000c3200000, 0x00000000c3200000, 0x00000000c3300000|  0%| F|  |TS  0|AC  0|TAMS 0x00000000c3200000, 0x00000000c3200000|
|  13|0x00000000c3300000, 0x00000000c3300000, 0x00000000c3400000|  0%| F|  |TS  0|AC  0|TAMS 0x00000000c3300000, 0x00000000c3300000|
|  14|0x00000000c3400000, 0x00000000c3400000, 0x00000000c3500000|  0%| F|  |TS  0|AC  0|TAMS 0x00000000c3400000, 0x00000000c3400000|
|  15|0x00000000c3500000, 0x00000000c3500000, 0x00000000c3600000|  0%| F|  |TS  0|AC  0|TAMS 0x00000000c3500000, 0x00000000c3500000|
|  16|0x00000000c3600000, 0x00000000c3600000, 0x00000000c3700000|  0%| F|  |TS  0|AC  0|TAMS 0x00000000c3600000, 0x00000000c3600000|
|  17|0x00000000c3700000, 0x00000000c3700000, 0x00000000c3800000|  0%| F|  |TS  0|AC  0|TAMS 0x00000000c3700000, 0x00000000c3700000|
|  18|0x00000000c3800000, 0x00000000c3800000, 0x00000000c3900000|  0%| F|  |TS  0|AC  0|TAMS 0x00000000c3800000, 0x00000000c3800000|
|  19|0x00000000c3900000, 0x00000000c3900000, 0x00000000c3a00000|  0%| F|  |TS  0|AC  0|TAMS 0x00000000c3900000, 0x00000000c3900000|
|  20|0x00000000c3a00000, 0x00000000c3a00000, 0x00000000c3b00000|  0%| F|  |TS  0|AC  0|TAMS 0x00000000c3a00000, 0x00000000c3a00000|
|  21|0x00000000c3b00000, 0x00000000c3b00000, 0x00000000c3c00000|  0%| F|  |TS  0|AC  0|TAMS 0x00000000c3b00000, 0x00000000c3b00000|
|  22|0x00000000c3c00000, 0x00000000c3c00000, 0x00000000c3d00000|  0%| F|  |TS  0|AC  0|TAMS 0x00000000c3c00000, 0x00000000c3c00000|
|  23|0x00000000c3d00000, 0x00000000c3d00000, 0x00000000c3e00000|  0%| F|  |TS  0|AC  0|TAMS 0x00000000c3d00000, 0x00000000c3d00000|
|  24|0x00000000c3e00000, 0x00000000c3e00000, 0x00000000c3f00000|  0%| F|  |TS  9|AC  0|TAMS 0x00000000c3e00000, 0x00000000c3e00000|
|  25|0x00000000c3f00000, 0x00000000c3f00000, 0x00000000c4000000|  0%| F|  |TS 11|AC  0|TAMS 0x00000000c3f00000, 0x00000000c3f00000|
|  26|0x00000000c4000000, 0x00000000c4000000, 0x00000000c4100000|  0%| F|  |TS  9|AC  0|TAMS 0x00000000c4000000, 0x00000000c4000000|
|  27|0x00000000c4100000, 0x00000000c4100000, 0x00000000c4200000|  0%| F|  |TS  9|AC  0|TAMS 0x00000000c4100000, 0x00000000c4100000|
|  28|0x00000000c4200000, 0x00000000c4200000, 0x00000000c4300000|  0%| F|  |TS  9|AC  0|TAMS 0x00000000c4200000, 0x00000000c4200000|
|  29|0x00000000c4300000, 0x00000000c4300000, 0x00000000c4400000|  0%| F|  |TS 19|AC  0|TAMS 0x00000000c4300000, 0x00000000c4300000|
|  30|0x00000000c4400000, 0x00000000c4400000, 0x00000000c4500000|  0%| F|  |TS 17|AC  0|TAMS 0x00000000c4400000, 0x00000000c4400000|
|  31|0x00000000c4500000, 0x00000000c4500000, 0x00000000c4600000|  0%| F|  |TS 17|AC  0|TAMS 0x00000000c4500000, 0x00000000c4500000|
|  32|0x00000000c4600000, 0x00000000c4600000, 0x00000000c4700000|  0%| F|  |TS 17|AC  0|TAMS 0x00000000c4600000, 0x00000000c4600000|
|  33|0x00000000c4700000, 0x00000000c4700000, 0x00000000c4800000|  0%| F|  |TS 17|AC  0|TAMS 0x00000000c4700000, 0x00000000c4700000|
|  34|0x00000000c4800000, 0x00000000c4800000, 0x00000000c4900000|  0%| F|  |TS 17|AC  0|TAMS 0x00000000c4800000, 0x00000000c4800000|
|  35|0x00000000c4900000, 0x00000000c4900000, 0x00000000c4a00000|  0%| F|  |TS 27|AC  0|TAMS 0x00000000c4900000, 0x00000000c4900000|
|  36|0x00000000c4a00000, 0x00000000c4a00000, 0x00000000c4b00000|  0%| F|  |TS 29|AC  0|TAMS 0x00000000c4a00000, 0x00000000c4a00000|
|  37|0x00000000c4b00000, 0x00000000c4b00000, 0x00000000c4c00000|  0%| F|  |TS 27|AC  0|TAMS 0x00000000c4b00000, 0x00000000c4b00000|
|  38|0x00000000c4c00000, 0x00000000c4c00000, 0x00000000c4d00000|  0%| F|  |TS 27|AC  0|TAMS 0x00000000c4c00000, 0x00000000c4c00000|
|  39|0x00000000c4d00000, 0x00000000c4d00000, 0x00000000c4e00000|  0%| F|  |TS 27|AC  0|TAMS 0x00000000c4d00000, 0x00000000c4d00000|
|  40|0x00000000c4e00000, 0x00000000c4e00000, 0x00000000c4f00000|  0%| F|  |TS 27|AC  0|TAMS 0x00000000c4e00000, 0x00000000c4e00000|
|  41|0x00000000c4f00000, 0x00000000c4f00000, 0x00000000c5000000|  0%| F|  |TS 27|AC  0|TAMS 0x00000000c4f00000, 0x00000000c4f00000|
|  42|0x00000000c5000000, 0x00000000c5000000, 0x00000000c5100000|  0%| F|  |TS 27|AC  0|TAMS 0x00000000c5000000, 0x00000000c5000000|
|  43|0x00000000c5100000, 0x00000000c5100000, 0x00000000c5200000|  0%| F|  |TS753|AC  0|TAMS 0x00000000c5100000, 0x00000000c5100000|
|  44|0x00000000c5200000, 0x00000000c5200000, 0x00000000c5300000|  0%| F|  |TS751|AC  0|TAMS 0x00000000c5200000, 0x00000000c5200000|
|  45|0x00000000c5300000, 0x00000000c5300000, 0x00000000c5400000|  0%| F|  |TS751|AC  0|TAMS 0x00000000c5300000, 0x00000000c5300000|
|  46|0x00000000c5400000, 0x00000000c5400000, 0x00000000c5500000|  0%| F|  |TS751|AC  0|TAMS 0x00000000c5400000, 0x00000000c5400000|
|  47|0x00000000c5500000, 0x00000000c5500000, 0x00000000c5600000|  0%| F|  |TS751|AC  0|TAMS 0x00000000c5500000, 0x00000000c5500000|
|  48|0x00000000c5600000, 0x00000000c5600000, 0x00000000c5700000|  0%| F|  |TS751|AC  0|TAMS 0x00000000c5600000, 0x00000000c5600000|
|  49|0x00000000c5700000, 0x00000000c5700000, 0x00000000c5800000|  0%| F|  |TS751|AC  0|TAMS 0x00000000c5700000, 0x00000000c5700000|
|  50|0x00000000c5800000, 0x00000000c5800000, 0x00000000c5900000|  0%| F|  |TS751|AC  0|TAMS 0x00000000c5800000, 0x00000000c5800000|
|  51|0x00000000c5900000, 0x00000000c5900000, 0x00000000c5a00000|  0%| F|  |TS751|AC  0|TAMS 0x00000000c5900000, 0x00000000c5900000|
|  52|0x00000000c5a00000, 0x00000000c5a00000, 0x00000000c5b00000|  0%| F|  |TS751|AC  0|TAMS 0x00000000c5a00000, 0x00000000c5a00000|
|  53|0x00000000c5b00000, 0x00000000c5b00000, 0x00000000c5c00000|  0%| F|  |TS751|AC  0|TAMS 0x00000000c5b00000, 0x00000000c5b00000|
|  54|0x00000000c5c00000, 0x00000000c5c00000, 0x00000000c5d00000|  0%| F|  |TS751|AC  0|TAMS 0x00000000c5c00000, 0x00000000c5c00000|
|  55|0x00000000c5d00000, 0x00000000c5d00000, 0x00000000c5e00000|  0%| F|  |TS751|AC  0|TAMS 0x00000000c5d00000, 0x00000000c5d00000|
|  56|0x00000000c5e00000, 0x00000000c5e00000, 0x00000000c5f00000|  0%| F|  |TS751|AC  0|TAMS 0x00000000c5e00000, 0x00000000c5e00000|
|  57|0x00000000c5f00000, 0x00000000c5f00000, 0x00000000c6000000|  0%| F|  |TS751|AC  0|TAMS 0x00000000c5f00000, 0x00000000c5f00000|
|  58|0x00000000c6000000, 0x00000000c6000000, 0x00000000c6100000|  0%| F|  |TS761|AC  0|TAMS 0x00000000c6000000, 0x00000000c6000000|
|  59|0x00000000c6100000, 0x00000000c6100180, 0x00000000c6200000|  0%| S|CS|TS761|AC  0|TAMS 0x00000000c6100000, 0x00000000c6100000|
|  60|0x00000000c6200000, 0x00000000c6200000, 0x00000000c6300000|  0%| F|  |TS761|AC  0|TAMS 0x00000000c6200000, 0x00000000c6200000|
|  61|0x00000000c6300000, 0x00000000c6300000, 0x00000000c6400000|  0%| F|  |TS761|AC  0|TAMS 0x00000000c6300000, 0x00000000c6300000|
|  62|0x00000000c6400000, 0x00000000c6400000, 0x00000000c6500000|  0%| F|  |TS761|AC  0|TAMS 0x00000000c6400000, 0x00000000c6400000|
|  63|0x00000000c6500000, 0x00000000c6500000, 0x00000000c6600000|  0%| F|  |TS761|AC  0|TAMS 0x00000000c6500000, 0x00000000c6500000|
|  64|0x00000000c6600000, 0x00000000c6600000, 0x00000000c6700000|  0%| F|  |TS761|AC  0|TAMS 0x00000000c6600000, 0x00000000c6600000|
|  65|0x00000000c6700000, 0x00000000c6700000, 0x00000000c6800000|  0%| F|  |TS761|AC  0|TAMS 0x00000000c6700000, 0x00000000c6700000|
|  66|0x00000000c6800000, 0x00000000c6800000, 0x00000000c6900000|  0%| F|  |TS761|AC  0|TAMS 0x00000000c6800000, 0x00000000c6800000|
|  67|0x00000000c6900000, 0x00000000c6900000, 0x00000000c6a00000|  0%| F|  |TS761|AC  0|TAMS 0x00000000c6900000, 0x00000000c6900000|
|  68|0x00000000c6a00000, 0x00000000c6a00000, 0x00000000c6b00000|  0%| F|  |TS761|AC  0|TAMS 0x00000000c6a00000, 0x00000000c6a00000|
|  69|0x00000000c6b00000, 0x00000000c6b00000, 0x00000000c6c00000|  0%| F|  |TS761|AC  0|TAMS 0x00000000c6b00000, 0x00000000c6b00000|
|  70|0x00000000c6c00000, 0x00000000c6c00000, 0x00000000c6d00000|  0%| F|  |TS761|AC  0|TAMS 0x00000000c6c00000, 0x00000000c6c00000|
|  71|0x00000000c6d00000, 0x00000000c6d00000, 0x00000000c6e00000|  0%| F|  |TS761|AC  0|TAMS 0x00000000c6d00000, 0x00000000c6d00000|
|  72|0x00000000c6e00000, 0x00000000c6e00000, 0x00000000c6f00000|  0%| F|  |TS761|AC  0|TAMS 0x00000000c6e00000, 0x00000000c6e00000|
|  73|0x00000000c6f00000, 0x00000000c6f00000, 0x00000000c7000000|  0%| F|  |TS761|AC  0|TAMS 0x00000000c6f00000, 0x00000000c6f00000|
|  74|0x00000000c7000000, 0x00000000c7000000, 0x00000000c7100000|  0%| F|  |TS761|AC  0|TAMS 0x00000000c7000000, 0x00000000c7000000|
|  75|0x00000000c7100000, 0x00000000c7100000, 0x00000000c7200000|  0%| F|  |TS761|AC  0|TAMS 0x00000000c7100000, 0x00000000c7100000|
|  76|0x00000000c7200000, 0x00000000c7200000, 0x00000000c7300000|  0%| F|  |TS761|AC  0|TAMS 0x00000000c7200000, 0x00000000c7200000|
|  77|0x00000000c7300000, 0x00000000c7300000, 0x00000000c7400000|  0%| F|  |TS761|AC  0|TAMS 0x00000000c7300000, 0x00000000c7300000|
|  78|0x00000000c7400000, 0x00000000c7400000, 0x00000000c7500000|  0%| F|  |TS761|AC  0|TAMS 0x00000000c7400000, 0x00000000c7400000|
|  79|0x00000000c7500000, 0x00000000c7500000, 0x00000000c7600000|  0%| F|  |TS761|AC  0|TAMS 0x00000000c7500000, 0x00000000c7500000|
|  80|0x00000000c7600000, 0x00000000c7600000, 0x00000000c7700000|  0%| F|  |TS761|AC  0|TAMS 0x00000000c7600000, 0x00000000c7600000|
|  81|0x00000000c7700000, 0x00000000c7700000, 0x00000000c7800000|  0%| F|  |TS761|AC  0|TAMS 0x00000000c7700000, 0x00000000c7700000|
|  82|0x00000000c7800000, 0x00000000c7800000, 0x00000000c7900000|  0%| F|  |TS761|AC  0|TAMS 0x00000000c7800000, 0x00000000c7800000|
|  83|0x00000000c7900000, 0x00000000c7900000, 0x00000000c7a00000|  0%| F|  |TS761|AC  0|TAMS 0x00000000c7900000, 0x00000000c7900000|
|  84|0x00000000c7a00000, 0x00000000c7a00000, 0x00000000c7b00000|  0%| F|  |TS761|AC  0|TAMS 0x00000000c7a00000, 0x00000000c7a00000|
|  85|0x00000000c7b00000, 0x00000000c7b00000, 0x00000000c7c00000|  0%| F|  |TS761|AC  0|TAMS 0x00000000c7b00000, 0x00000000c7b00000|
|  86|0x00000000c7c00000, 0x00000000c7c00000, 0x00000000c7d00000|  0%| F|  |TS761|AC  0|TAMS 0x00000000c7c00000, 0x00000000c7c00000|
|  87|0x00000000c7d00000, 0x00000000c7d00000, 0x00000000c7e00000|  0%| F|  |TS761|AC  0|TAMS 0x00000000c7d00000, 0x00000000c7d00000|
|  88|0x00000000c7e00000, 0x00000000c7e00000, 0x00000000c7f00000|  0%| F|  |TS761|AC  0|TAMS 0x00000000c7e00000, 0x00000000c7e00000|
|  89|0x00000000c7f00000, 0x00000000c7f00000, 0x00000000c8000000|  0%| F|  |TS761|AC  0|TAMS 0x00000000c7f00000, 0x00000000c7f00000|
|  90|0x00000000c8000000, 0x00000000c8000000, 0x00000000c8100000|  0%| F|  |TS761|AC  0|TAMS 0x00000000c8000000, 0x00000000c8000000|
|  91|0x00000000c8100000, 0x00000000c8100000, 0x00000000c8200000|  0%| F|  |TS761|AC  0|TAMS 0x00000000c8100000, 0x00000000c8100000|
|  92|0x00000000c8200000, 0x00000000c8200000, 0x00000000c8300000|  0%| F|  |TS761|AC  0|TAMS 0x00000000c8200000, 0x00000000c8200000|
|  93|0x00000000c8300000, 0x00000000c8300000, 0x00000000c8400000|  0%| F|  |TS761|AC  0|TAMS 0x00000000c8300000, 0x00000000c8300000|
|  94|0x00000000c8400000, 0x00000000c8400000, 0x00000000c8500000|  0%| F|  |TS761|AC  0|TAMS 0x00000000c8400000, 0x00000000c8400000|
|  95|0x00000000c8500000, 0x00000000c8500000, 0x00000000c8600000|  0%| F|  |TS761|AC  0|TAMS 0x00000000c8500000, 0x00000000c8500000|
|  96|0x00000000c8600000, 0x00000000c8600000, 0x00000000c8700000|  0%| F|  |TS761|AC  0|TAMS 0x00000000c8600000, 0x00000000c8600000|
|  97|0x00000000c8700000, 0x00000000c8700000, 0x00000000c8800000|  0%| F|  |TS761|AC  0|TAMS 0x00000000c8700000, 0x00000000c8700000|
|  98|0x00000000c8800000, 0x00000000c8800000, 0x00000000c8900000|  0%| F|  |TS761|AC  0|TAMS 0x00000000c8800000, 0x00000000c8800000|
|  99|0x00000000c8900000, 0x00000000c8900000, 0x00000000c8a00000|  0%| F|  |TS761|AC  0|TAMS 0x00000000c8900000, 0x00000000c8900000|
| 100|0x00000000c8a00000, 0x00000000c8a00000, 0x00000000c8b00000|  0%| F|  |TS761|AC  0|TAMS 0x00000000c8a00000, 0x00000000c8a00000|
| 101|0x00000000c8b00000, 0x00000000c8b00000, 0x00000000c8c00000|  0%| F|  |TS761|AC  0|TAMS 0x00000000c8b00000, 0x00000000c8b00000|
| 102|0x00000000c8c00000, 0x00000000c8c00000, 0x00000000c8d00000|  0%| F|  |TS761|AC  0|TAMS 0x00000000c8c00000, 0x00000000c8c00000|
| 103|0x00000000c8d00000, 0x00000000c8d00000, 0x00000000c8e00000|  0%| F|  |TS761|AC  0|TAMS 0x00000000c8d00000, 0x00000000c8d00000|
| 104|0x00000000c8e00000, 0x00000000c8e00000, 0x00000000c8f00000|  0%| F|  |TS761|AC  0|TAMS 0x00000000c8e00000, 0x00000000c8e00000|
| 105|0x00000000c8f00000, 0x00000000c8f00000, 0x00000000c9000000|  0%| F|  |TS761|AC  0|TAMS 0x00000000c8f00000, 0x00000000c8f00000|
| 106|0x00000000c9000000, 0x00000000c9000000, 0x00000000c9100000|  0%| F|  |TS761|AC  0|TAMS 0x00000000c9000000, 0x00000000c9000000|
| 107|0x00000000c9100000, 0x00000000c9100000, 0x00000000c9200000|  0%| F|  |TS761|AC  0|TAMS 0x00000000c9100000, 0x00000000c9100000|
| 108|0x00000000c9200000, 0x00000000c9200000, 0x00000000c9300000|  0%| F|  |TS761|AC  0|TAMS 0x00000000c9200000, 0x00000000c9200000|
| 109|0x00000000c9300000, 0x00000000c9300000, 0x00000000c9400000|  0%| F|  |TS761|AC  0|TAMS 0x00000000c9300000, 0x00000000c9300000|
| 110|0x00000000c9400000, 0x00000000c9400000, 0x00000000c9500000|  0%| F|  |TS761|AC  0|TAMS 0x00000000c9400000, 0x00000000c9400000|
| 111|0x00000000c9500000, 0x00000000c9500000, 0x00000000c9600000|  0%| F|  |TS761|AC  0|TAMS 0x00000000c9500000, 0x00000000c9500000|
| 112|0x00000000c9600000, 0x00000000c9600000, 0x00000000c9700000|  0%| F|  |TS761|AC  0|TAMS 0x00000000c9600000, 0x00000000c9600000|
| 113|0x00000000c9700000, 0x00000000c9700000, 0x00000000c9800000|  0%| F|  |TS761|AC  0|TAMS 0x00000000c9700000, 0x00000000c9700000|
| 114|0x00000000c9800000, 0x00000000c9800000, 0x00000000c9900000|  0%| F|  |TS761|AC  0|TAMS 0x00000000c9800000, 0x00000000c9800000|
| 115|0x00000000c9900000, 0x00000000c9900000, 0x00000000c9a00000|  0%| F|  |TS761|AC  0|TAMS 0x00000000c9900000, 0x00000000c9900000|
| 116|0x00000000c9a00000, 0x00000000c9a00000, 0x00000000c9b00000|  0%| F|  |TS761|AC  0|TAMS 0x00000000c9a00000, 0x00000000c9a00000|
| 117|0x00000000c9b00000, 0x00000000c9b00000, 0x00000000c9c00000|  0%| F|  |TS761|AC  0|TAMS 0x00000000c9b00000, 0x00000000c9b00000|
| 118|0x00000000c9c00000, 0x00000000c9c00000, 0x00000000c9d00000|  0%| F|  |TS761|AC  0|TAMS 0x00000000c9c00000, 0x00000000c9c00000|
| 119|0x00000000c9d00000, 0x00000000c9d00000, 0x00000000c9e00000|  0%| F|  |TS761|AC  0|TAMS 0x00000000c9d00000, 0x00000000c9d00000|
| 120|0x00000000c9e00000, 0x00000000c9e00000, 0x00000000c9f00000|  0%| F|  |TS761|AC  0|TAMS 0x00000000c9e00000, 0x00000000c9e00000|
| 121|0x00000000c9f00000, 0x00000000c9f00000, 0x00000000ca000000|  0%| F|  |TS761|AC  0|TAMS 0x00000000c9f00000, 0x00000000c9f00000|
| 122|0x00000000ca000000, 0x00000000ca000000, 0x00000000ca100000|  0%| F|  |TS761|AC  0|TAMS 0x00000000ca000000, 0x00000000ca000000|
| 123|0x00000000ca100000, 0x00000000ca100000, 0x00000000ca200000|  0%| F|  |TS761|AC  0|TAMS 0x00000000ca100000, 0x00000000ca100000|
| 124|0x00000000ca200000, 0x00000000ca200000, 0x00000000ca300000|  0%| F|  |TS761|AC  0|TAMS 0x00000000ca200000, 0x00000000ca200000|
| 125|0x00000000ca300000, 0x00000000ca300000, 0x00000000ca400000|  0%| F|  |TS761|AC  0|TAMS 0x00000000ca300000, 0x00000000ca300000|
| 126|0x00000000ca400000, 0x00000000ca400000, 0x00000000ca500000|  0%| F|  |TS761|AC  0|TAMS 0x00000000ca400000, 0x00000000ca400000|
| 127|0x00000000ca500000, 0x00000000ca500000, 0x00000000ca600000|  0%| F|  |TS761|AC  0|TAMS 0x00000000ca500000, 0x00000000ca500000|
| 128|0x00000000ca600000, 0x00000000ca600000, 0x00000000ca700000|  0%| F|  |TS761|AC  0|TAMS 0x00000000ca600000, 0x00000000ca600000|
| 129|0x00000000ca700000, 0x00000000ca700000, 0x00000000ca800000|  0%| F|  |TS761|AC  0|TAMS 0x00000000ca700000, 0x00000000ca700000|
| 130|0x00000000ca800000, 0x00000000ca800000, 0x00000000ca900000|  0%| F|  |TS761|AC  0|TAMS 0x00000000ca800000, 0x00000000ca800000|
| 131|0x00000000ca900000, 0x00000000ca900000, 0x00000000caa00000|  0%| F|  |TS761|AC  0|TAMS 0x00000000ca900000, 0x00000000ca900000|
| 132|0x00000000caa00000, 0x00000000caa00000, 0x00000000cab00000|  0%| F|  |TS761|AC  0|TAMS 0x00000000caa00000, 0x00000000caa00000|
| 133|0x00000000cab00000, 0x00000000cab00000, 0x00000000cac00000|  0%| F|  |TS761|AC  0|TAMS 0x00000000cab00000, 0x00000000cab00000|
| 134|0x00000000cac00000, 0x00000000cac00000, 0x00000000cad00000|  0%| F|  |TS761|AC  0|TAMS 0x00000000cac00000, 0x00000000cac00000|
| 135|0x00000000cad00000, 0x00000000cad00000, 0x00000000cae00000|  0%| F|  |TS761|AC  0|TAMS 0x00000000cad00000, 0x00000000cad00000|
| 136|0x00000000cae00000, 0x00000000cae00000, 0x00000000caf00000|  0%| F|  |TS761|AC  0|TAMS 0x00000000cae00000, 0x00000000cae00000|
| 137|0x00000000caf00000, 0x00000000caf00000, 0x00000000cb000000|  0%| F|  |TS761|AC  0|TAMS 0x00000000caf00000, 0x00000000caf00000|
| 138|0x00000000cb000000, 0x00000000cb000000, 0x00000000cb100000|  0%| F|  |TS761|AC  0|TAMS 0x00000000cb000000, 0x00000000cb000000|
| 139|0x00000000cb100000, 0x00000000cb100000, 0x00000000cb200000|  0%| F|  |TS761|AC  0|TAMS 0x00000000cb100000, 0x00000000cb100000|
| 140|0x00000000cb200000, 0x00000000cb200000, 0x00000000cb300000|  0%| F|  |TS761|AC  0|TAMS 0x00000000cb200000, 0x00000000cb200000|
| 141|0x00000000cb300000, 0x00000000cb300000, 0x00000000cb400000|  0%| F|  |TS761|AC  0|TAMS 0x00000000cb300000, 0x00000000cb300000|
| 142|0x00000000cb400000, 0x00000000cb400000, 0x00000000cb500000|  0%| F|  |TS761|AC  0|TAMS 0x00000000cb400000, 0x00000000cb400000|
| 143|0x00000000cb500000, 0x00000000cb500000, 0x00000000cb600000|  0%| F|  |TS761|AC  0|TAMS 0x00000000cb500000, 0x00000000cb500000|
| 144|0x00000000cb600000, 0x00000000cb600000, 0x00000000cb700000|  0%| F|  |TS761|AC  0|TAMS 0x00000000cb600000, 0x00000000cb600000|
| 145|0x00000000cb700000, 0x00000000cb700000, 0x00000000cb800000|  0%| F|  |TS761|AC  0|TAMS 0x00000000cb700000, 0x00000000cb700000|
| 146|0x00000000cb800000, 0x00000000cb800000, 0x00000000cb900000|  0%| F|  |TS761|AC  0|TAMS 0x00000000cb800000, 0x00000000cb800000|

Card table byte_map: [0x00000266e80c0000,0x00000266e82b0000] byte_map_base: 0x00000266e7aad000

Marking Bits (Prev, Next): (CMBitMap*) 0x00000266cffcd1c0, (CMBitMap*) 0x00000266cffcd1f8
 Prev Bits: [0x00000266e84a0000, 0x00000266e9408000)
 Next Bits: [0x00000266e9410000, 0x00000266ea378000)

Polling page: 0x00000266cff20000

CodeHeap 'non-profiled nmethods': size=120064Kb used=88Kb max_used=88Kb free=119976Kb
 bounds [0x00000266e0180000, 0x00000266e03f0000, 0x00000266e76c0000]
CodeHeap 'profiled nmethods': size=120000Kb used=249Kb max_used=249Kb free=119750Kb
 bounds [0x00000266d8c50000, 0x00000266d8ec0000, 0x00000266e0180000]
CodeHeap 'non-nmethods': size=5696Kb used=1151Kb max_used=1167Kb free=4544Kb
 bounds [0x00000266d86c0000, 0x00000266d8930000, 0x00000266d8c50000]
 total_blobs=553 nmethods=191 adapters=179
 compilation: enabled

Compilation events (10 events):
Event: 0.310 Thread 0x00000266ed24d000 nmethod 186 0x00000266e0191790 code [0x00000266e01919c0, 0x00000266e0192ec0]
Event: 0.310 Thread 0x00000266ed24d000  185       4       java.security.AccessControlContext::calculateFields (89 bytes)
Event: 0.311 Thread 0x00000266ed24d000 nmethod 185 0x00000266e0193890 code [0x00000266e0193a20, 0x00000266e0193ad8]
Event: 0.320 Thread 0x00000266ed1f0000 nmethod 187 0x00000266e0193c10 code [0x00000266e0193e40, 0x00000266e0195320]
Event: 0.330 Thread 0x00000266ed255800  189 %     3       practice.Practice::main @ 6 (16 bytes)
Event: 0.330 Thread 0x00000266ed255800 nmethod 189% 0x00000266d8c8d910 code [0x00000266d8c8dae0, 0x00000266d8c8de30]
Event: 0.331 Thread 0x00000266ed255800  190       3       practice.Practice::main (16 bytes)
Event: 0.331 Thread 0x00000266ed255800 nmethod 190 0x00000266d8c8df90 code [0x00000266d8c8e160, 0x00000266d8c8e490]
Event: 0.367 Thread 0x00000266ed24d000  191 %     4       practice.Practice::main @ 6 (16 bytes)
Event: 0.368 Thread 0x00000266ed24d000 nmethod 191% 0x00000266e0195c90 code [0x00000266e0195e20, 0x00000266e0195f28]

GC Heap History (10 events):
Event: 179.389 GC heap after
{Heap after GC invocations=376 (full 0):
 garbage-first heap   total 150528K, used 893K [0x00000000c2600000, 0x00000000c2700498, 0x0000000100000000)
  region size 1024K, 1 young (1024K), 1 survivors (1024K)
 Metaspace       used 3701K, capacity 4486K, committed 4864K, reserved 1056768K
  class space    used 375K, capacity 386K, committed 512K, reserved 1048576K
}
Event: 181.850 GC heap before
{Heap before GC invocations=376 (full 0):
 garbage-first heap   total 150528K, used 89981K [0x00000000c2600000, 0x00000000c2700498, 0x0000000100000000)
  region size 1024K, 88 young (90112K), 1 survivors (1024K)
 Metaspace       used 3701K, capacity 4486K, committed 4864K, reserved 1056768K
  class space    used 375K, capacity 386K, committed 512K, reserved 1048576K
}
Event: 181.902 GC heap after
{Heap after GC invocations=377 (full 0):
 garbage-first heap   total 150528K, used 893K [0x00000000c2600000, 0x00000000c2700498, 0x0000000100000000)
  region size 1024K, 1 young (1024K), 1 survivors (1024K)
 Metaspace       used 3701K, capacity 4486K, committed 4864K, reserved 1056768K
  class space    used 375K, capacity 386K, committed 512K, reserved 1048576K
}
Event: 183.314 GC heap before
{Heap before GC invocations=377 (full 0):
 garbage-first heap   total 150528K, used 89981K [0x00000000c2600000, 0x00000000c2700498, 0x0000000100000000)
  region size 1024K, 88 young (90112K), 1 survivors (1024K)
 Metaspace       used 3701K, capacity 4486K, committed 4864K, reserved 1056768K
  class space    used 375K, capacity 386K, committed 512K, reserved 1048576K
}
Event: 183.876 GC heap after
{Heap after GC invocations=378 (full 0):
 garbage-first heap   total 150528K, used 893K [0x00000000c2600000, 0x00000000c2700498, 0x0000000100000000)
  region size 1024K, 1 young (1024K), 1 survivors (1024K)
 Metaspace       used 3701K, capacity 4486K, committed 4864K, reserved 1056768K
  class space    used 375K, capacity 386K, committed 512K, reserved 1048576K
}
Event: 184.724 GC heap before
{Heap before GC invocations=378 (full 0):
 garbage-first heap   total 150528K, used 89981K [0x00000000c2600000, 0x00000000c2700498, 0x0000000100000000)
  region size 1024K, 88 young (90112K), 1 survivors (1024K)
 Metaspace       used 3701K, capacity 4486K, committed 4864K, reserved 1056768K
  class space    used 375K, capacity 386K, committed 512K, reserved 1048576K
}
Event: 184.739 GC heap after
{Heap after GC invocations=379 (full 0):
 garbage-first heap   total 150528K, used 893K [0x00000000c2600000, 0x00000000c2700498, 0x0000000100000000)
  region size 1024K, 1 young (1024K), 1 survivors (1024K)
 Metaspace       used 3701K, capacity 4486K, committed 4864K, reserved 1056768K
  class space    used 375K, capacity 386K, committed 512K, reserved 1048576K
}
Event: 184.943 GC heap before
{Heap before GC invocations=379 (full 0):
 garbage-first heap   total 150528K, used 89981K [0x00000000c2600000, 0x00000000c2700498, 0x0000000100000000)
  region size 1024K, 88 young (90112K), 1 survivors (1024K)
 Metaspace       used 3701K, capacity 4486K, committed 4864K, reserved 1056768K
  class space    used 375K, capacity 386K, committed 512K, reserved 1048576K
}
Event: 184.984 GC heap after
{Heap after GC invocations=380 (full 0):
 garbage-first heap   total 150528K, used 893K [0x00000000c2600000, 0x00000000c2700498, 0x0000000100000000)
  region size 1024K, 1 young (1024K), 1 survivors (1024K)
 Metaspace       used 3701K, capacity 4486K, committed 4864K, reserved 1056768K
  class space    used 375K, capacity 386K, committed 512K, reserved 1048576K
}
Event: 185.139 GC heap before
{Heap before GC invocations=380 (full 0):
 garbage-first heap   total 150528K, used 89981K [0x00000000c2600000, 0x00000000c2700498, 0x0000000100000000)
  region size 1024K, 88 young (90112K), 1 survivors (1024K)
 Metaspace       used 3701K, capacity 4486K, committed 4864K, reserved 1056768K
  class space    used 375K, capacity 386K, committed 512K, reserved 1048576K
}

Deoptimization events (0 events):
No events

Classes redefined (0 events):
No events

Internal exceptions (0 events):
No events

Events (10 events):
Event: 179.389 Executing VM operation: G1IncCollectionPause done
Event: 181.821 Executing VM operation: G1IncCollectionPause
Event: 181.903 Executing VM operation: G1IncCollectionPause done
Event: 183.287 Executing VM operation: G1IncCollectionPause
Event: 183.876 Executing VM operation: G1IncCollectionPause done
Event: 184.544 Executing VM operation: G1IncCollectionPause
Event: 184.739 Executing VM operation: G1IncCollectionPause done
Event: 184.943 Executing VM operation: G1IncCollectionPause
Event: 184.984 Executing VM operation: G1IncCollectionPause done
Event: 185.138 Executing VM operation: G1IncCollectionPause


Dynamic libraries:
0x00007ff736610000 - 0x00007ff73664e000 	C:\Program Files\Java\jre-9.0.4\bin\javaw.exe
0x00007ffad4cd0000 - 0x00007ffad4eb1000 	C:\WINDOWS\SYSTEM32\ntdll.dll
0x00007ffad3230000 - 0x00007ffad32e1000 	C:\WINDOWS\System32\KERNEL32.DLL
0x00007ffad1bf0000 - 0x00007ffad1e63000 	C:\WINDOWS\System32\KERNELBASE.dll
0x00007ffad22a0000 - 0x00007ffad2341000 	C:\WINDOWS\System32\ADVAPI32.dll
0x00007ffad2160000 - 0x00007ffad21fe000 	C:\WINDOWS\System32\msvcrt.dll
0x00007ffad2770000 - 0x00007ffad27cb000 	C:\WINDOWS\System32\sechost.dll
0x00007ffad23d0000 - 0x00007ffad24f4000 	C:\WINDOWS\System32\RPCRT4.dll
0x00007ffad25e0000 - 0x00007ffad2770000 	C:\WINDOWS\System32\USER32.dll
0x00007ffad1b50000 - 0x00007ffad1b70000 	C:\WINDOWS\System32\win32u.dll
0x00007ffad4c70000 - 0x00007ffad4c98000 	C:\WINDOWS\System32\GDI32.dll
0x00007ffad1f10000 - 0x00007ffad20a1000 	C:\WINDOWS\System32\gdi32full.dll
0x00007ffad1e70000 - 0x00007ffad1f0f000 	C:\WINDOWS\System32\msvcp_win.dll
0x00007ffad10f0000 - 0x00007ffad11e8000 	C:\WINDOWS\System32\ucrtbase.dll
0x00007ffabd690000 - 0x00007ffabd8f9000 	C:\WINDOWS\WinSxS\amd64_microsoft.windows.common-controls_6595b64144ccf1df_6.0.17134.885_none_fb42a3473065565f\COMCTL32.dll
0x00007ffad2ab0000 - 0x00007ffad2dd2000 	C:\WINDOWS\System32\combase.dll
0x00007ffad1b70000 - 0x00007ffad1be9000 	C:\WINDOWS\System32\bcryptPrimitives.dll
0x00007ffacfc10000 - 0x00007ffacfc1a000 	C:\WINDOWS\SYSTEM32\VERSION.dll
0x00007ffad2200000 - 0x00007ffad222d000 	C:\WINDOWS\System32\IMM32.DLL
0x00007ffab5d70000 - 0x00007ffab5e5f000 	C:\Program Files\Java\jre-9.0.4\bin\msvcr120.dll
0x00007ffabc4b0000 - 0x00007ffabc556000 	C:\Program Files\Java\jre-9.0.4\bin\msvcp120.dll
0x0000000055a70000 - 0x0000000056495000 	C:\Program Files\Java\jre-9.0.4\bin\server\jvm.dll
0x00007ffad25d0000 - 0x00007ffad25d8000 	C:\WINDOWS\System32\PSAPI.DLL
0x00007ffab9490000 - 0x00007ffab9499000 	C:\WINDOWS\SYSTEM32\WSOCK32.dll
0x00007ffad2230000 - 0x00007ffad229c000 	C:\WINDOWS\System32\WS2_32.dll
0x00007ffacefb0000 - 0x00007ffacefd3000 	C:\WINDOWS\SYSTEM32\WINMM.dll
0x00007ffaceea0000 - 0x00007ffaceeca000 	C:\WINDOWS\SYSTEM32\winmmbase.dll
0x00007ffad10a0000 - 0x00007ffad10e9000 	C:\WINDOWS\System32\cfgmgr32.dll
0x00007ffacdb40000 - 0x00007ffacdb4f000 	C:\Program Files\Java\jre-9.0.4\bin\verify.dll
0x00007ffabeb50000 - 0x00007ffabeb77000 	C:\Program Files\Java\jre-9.0.4\bin\java.dll
0x00007ffacbc60000 - 0x00007ffacbc76000 	C:\Program Files\Java\jre-9.0.4\bin\zip.dll
0x00007ffaccea0000 - 0x00007ffacceaa000 	C:\Program Files\Java\jre-9.0.4\bin\jimage.dll
0x00007ffad3780000 - 0x00007ffad4bc0000 	C:\WINDOWS\System32\SHELL32.dll
0x00007ffad4bc0000 - 0x00007ffad4c69000 	C:\WINDOWS\System32\shcore.dll
0x00007ffad11f0000 - 0x00007ffad18fd000 	C:\WINDOWS\System32\windows.storage.dll
0x00007ffad27d0000 - 0x00007ffad2821000 	C:\WINDOWS\System32\shlwapi.dll
0x00007ffad1080000 - 0x00007ffad1091000 	C:\WINDOWS\System32\kernel.appcore.dll
0x00007ffad0fe0000 - 0x00007ffad0fff000 	C:\WINDOWS\System32\profapi.dll
0x00007ffad1030000 - 0x00007ffad107c000 	C:\WINDOWS\System32\powrprof.dll
0x00007ffad1000000 - 0x00007ffad100a000 	C:\WINDOWS\System32\FLTLIB.DLL
0x00007ffac7480000 - 0x00007ffac749a000 	C:\Program Files\Java\jre-9.0.4\bin\net.dll
0x00007ffac6cd0000 - 0x00007ffac6dad000 	C:\WINDOWS\SYSTEM32\WINHTTP.dll
0x00007ffad0800000 - 0x00007ffad0866000 	C:\WINDOWS\system32\mswsock.dll
0x00007ffabaa70000 - 0x00007ffabaa81000 	C:\Program Files\Java\jre-9.0.4\bin\nio.dll
0x00007ffab7490000 - 0x00007ffab7659000 	C:\WINDOWS\SYSTEM32\dbghelp.dll

VM Arguments:
jvm_args: -Dfile.encoding=MS949 
java_command: practice.Practice
java_class_path (initial): C:\Users\MYEONG_HOON\eclipse-workspace\practice\bin
Launcher Type: SUN_STANDARD

Logging:
Log output configuration:
#0: stdout all=warning uptime,level,tags
#1: stderr all=off uptime,level,tags

Environment Variables:
JAVA_HOME=C:\Program Files\Java\jdk-9.0.4
PATH=C:/Program Files/Java/jdk-9.0.4/bin/server;C:/Program Files/Java/jdk-9.0.4/bin;C:\Program Files\Java\jdk-9.0.4\bin;C:\WINDOWS\system32;C:\WINDOWS;C:\WINDOWS\System32\Wbem;C:\WINDOWS\System32\WindowsPowerShell\v1.0\;C:\WINDOWS\System32\OpenSSH\;C:\Program Files (x86)\QuickTime\QTSystem\;C:\Program Files\nodejs\;C:\Program Files\MySQL\MySQL Utilities 1.6\;C:\Program Files\MySQL\MySQL Shell 8.0\bin\;C:\Users\MYEONG_HOON\AppData\Local\Programs\Microsoft VS Code\bin;C:\Users\MYEONG_HOON\eclipse\java-oxygen\eclipse;
USERNAME=MYEONG_HOON
OS=Windows_NT
PROCESSOR_IDENTIFIER=Intel64 Family 6 Model 142 Stepping 9, GenuineIntel



---------------  S Y S T E M  ---------------

OS: Windows 10 , 64 bit Build 17134 (10.0.17134.753)

CPU:total 4 (initial active 4) (2 cores per cpu, 2 threads per core) family 6 model 142 stepping 9, cmov, cx8, fxsr, mmx, sse, sse2, sse3, ssse3, sse4.1, sse4.2, popcnt, avx, avx2, aes, clmul, erms, 3dnowpref, lzcnt, ht, tsc, tscinvbit, bmi1, bmi2, adx, fma

Memory: 4k page, physical 4033548k(142820k free), swap 16558448k(91144k free)

vm_info: Java HotSpot(TM) 64-Bit Server VM (9.0.4+11) for windows-amd64 JRE (9.0.4+11), built on Dec 20 2017 02:18:54 by "mach5one" with MS VC++ 12.0 (VS2013)

END.
